[0.063s] DEBUG:colcon:Command line arguments: ['/usr/bin/colcon', 'build', '--symlink-install', '--cmake-args', '-DCMAKE_BUILD_TYPE=Release', '--packages-select', 'lidar_dev']
[0.063s] DEBUG:colcon:Parsed command line arguments: Namespace(log_base=None, log_level=None, verb_name='build', build_base='build', install_base='install', merge_install=False, symlink_install=True, test_result_base=None, continue_on_error=False, executor='parallel', parallel_workers=20, event_handlers=None, ignore_user_meta=False, metas=['./colcon.meta'], base_paths=['.'], packages_ignore=None, packages_ignore_regex=None, paths=None, packages_up_to=None, packages_up_to_regex=None, packages_above=None, packages_above_and_dependencies=None, packages_above_depth=None, packages_select_by_dep=None, packages_skip_by_dep=None, packages_skip_up_to=None, packages_select_build_failed=False, packages_skip_build_finished=False, packages_select_test_failures=False, packages_skip_test_passed=False, packages_select=['lidar_dev'], packages_skip=None, packages_select_regex=None, packages_skip_regex=None, packages_start=None, packages_end=None, allow_overriding=[], cmake_args=['-DCMAKE_BUILD_TYPE=Release'], cmake_target=None, cmake_target_skip_unavailable=False, cmake_clean_cache=False, cmake_clean_first=False, cmake_force_configure=False, ament_cmake_args=None, catkin_cmake_args=None, catkin_skip_building_tests=False, verb_parser=<colcon_defaults.argument_parser.defaults.DefaultArgumentsDecorator object at 0x7f02780e8250>, verb_extension=<colcon_core.verb.build.BuildVerb object at 0x7f02782b7c40>, main=<bound method BuildVerb.main of <colcon_core.verb.build.BuildVerb object at 0x7f02782b7c40>>)
[0.087s] Level 1:colcon.colcon_core.package_discovery:discover_packages(colcon_meta) check parameters
[0.087s] Level 1:colcon.colcon_core.package_discovery:discover_packages(recursive) check parameters
[0.087s] Level 1:colcon.colcon_core.package_discovery:discover_packages(ignore) check parameters
[0.087s] Level 1:colcon.colcon_core.package_discovery:discover_packages(path) check parameters
[0.087s] Level 1:colcon.colcon_core.package_discovery:discover_packages(colcon_meta) discover
[0.087s] Level 1:colcon.colcon_core.package_discovery:discover_packages(recursive) discover
[0.087s] INFO:colcon.colcon_core.package_discovery:Crawling recursively for packages in '/home/sweun/ros2_ws/src/lidar_dev'
[0.087s] Level 1:colcon.colcon_core.package_identification:_identify(.) by extensions ['ignore', 'ignore_ament_install']
[0.087s] Level 1:colcon.colcon_core.package_identification:_identify(.) by extension 'ignore'
[0.087s] Level 1:colcon.colcon_core.package_identification:_identify(.) by extension 'ignore_ament_install'
[0.087s] Level 1:colcon.colcon_core.package_identification:_identify(.) by extensions ['colcon_pkg']
[0.087s] Level 1:colcon.colcon_core.package_identification:_identify(.) by extension 'colcon_pkg'
[0.087s] Level 1:colcon.colcon_core.package_identification:_identify(.) by extensions ['colcon_meta']
[0.088s] Level 1:colcon.colcon_core.package_identification:_identify(.) by extension 'colcon_meta'
[0.088s] Level 1:colcon.colcon_core.package_identification:_identify(.) by extensions ['ros']
[0.088s] Level 1:colcon.colcon_core.package_identification:_identify(.) by extension 'ros'
[0.105s] DEBUG:colcon.colcon_core.package_identification:Package '.' with type 'ros.ament_cmake' and name 'lidar_dev'
[0.105s] Level 1:colcon.colcon_core.package_discovery:discover_packages(recursive) using defaults
[0.105s] Level 1:colcon.colcon_core.package_discovery:discover_packages(ignore) discover
[0.105s] Level 1:colcon.colcon_core.package_discovery:discover_packages(ignore) using defaults
[0.105s] Level 1:colcon.colcon_core.package_discovery:discover_packages(path) discover
[0.105s] Level 1:colcon.colcon_core.package_discovery:discover_packages(path) using defaults
[0.116s] Level 1:colcon.colcon_core.package_discovery:discover_packages(prefix_path) check parameters
[0.117s] Level 1:colcon.colcon_core.package_discovery:discover_packages(prefix_path) discover
[0.118s] DEBUG:colcon.colcon_installed_package_information.package_discovery:Found 3 installed packages in /home/sweun/ros2_ws/install
[0.119s] DEBUG:colcon.colcon_installed_package_information.package_discovery:Found 271 installed packages in /opt/ros/humble
[0.120s] Level 1:colcon.colcon_core.package_discovery:discover_packages(prefix_path) using defaults
[0.141s] Level 5:colcon.colcon_core.verb:set package 'lidar_dev' build argument 'cmake_args' from command line to '['-DCMAKE_BUILD_TYPE=Release']'
[0.141s] Level 5:colcon.colcon_core.verb:set package 'lidar_dev' build argument 'cmake_target' from command line to 'None'
[0.141s] Level 5:colcon.colcon_core.verb:set package 'lidar_dev' build argument 'cmake_target_skip_unavailable' from command line to 'False'
[0.141s] Level 5:colcon.colcon_core.verb:set package 'lidar_dev' build argument 'cmake_clean_cache' from command line to 'False'
[0.141s] Level 5:colcon.colcon_core.verb:set package 'lidar_dev' build argument 'cmake_clean_first' from command line to 'False'
[0.141s] Level 5:colcon.colcon_core.verb:set package 'lidar_dev' build argument 'cmake_force_configure' from command line to 'False'
[0.141s] Level 5:colcon.colcon_core.verb:set package 'lidar_dev' build argument 'ament_cmake_args' from command line to 'None'
[0.141s] Level 5:colcon.colcon_core.verb:set package 'lidar_dev' build argument 'catkin_cmake_args' from command line to 'None'
[0.141s] Level 5:colcon.colcon_core.verb:set package 'lidar_dev' build argument 'catkin_skip_building_tests' from command line to 'False'
[0.141s] DEBUG:colcon.colcon_core.verb:Building package 'lidar_dev' with the following arguments: {'ament_cmake_args': None, 'build_base': '/home/sweun/ros2_ws/src/lidar_dev/build/lidar_dev', 'catkin_cmake_args': None, 'catkin_skip_building_tests': False, 'cmake_args': ['-DCMAKE_BUILD_TYPE=Release'], 'cmake_clean_cache': False, 'cmake_clean_first': False, 'cmake_force_configure': False, 'cmake_target': None, 'cmake_target_skip_unavailable': False, 'install_base': '/home/sweun/ros2_ws/src/lidar_dev/install/lidar_dev', 'merge_install': False, 'path': '/home/sweun/ros2_ws/src/lidar_dev', 'symlink_install': True, 'test_result_base': None}
[0.141s] INFO:colcon.colcon_core.executor:Executing jobs using 'parallel' executor
[0.142s] DEBUG:colcon.colcon_parallel_executor.executor.parallel:run_until_complete
[0.142s] INFO:colcon.colcon_ros.task.ament_cmake.build:Building ROS package in '/home/sweun/ros2_ws/src/lidar_dev' with build type 'ament_cmake'
[0.142s] INFO:colcon.colcon_cmake.task.cmake.build:Building CMake package in '/home/sweun/ros2_ws/src/lidar_dev'
[0.144s] INFO:colcon.colcon_core.plugin_system:Skipping extension 'colcon_core.shell.bat': Not used on non-Windows systems
[0.144s] INFO:colcon.colcon_core.shell:Skip shell extension 'powershell' for command environment: Not usable outside of PowerShell
[0.144s] DEBUG:colcon.colcon_core.shell:Skip shell extension 'dsv' for command environment
[0.148s] DEBUG:colcon.colcon_core.event_handler.log_command:Invoking command in '/home/sweun/ros2_ws/src/lidar_dev/build/lidar_dev': CMAKE_PREFIX_PATH=${CMAKE_PREFIX_PATH}:/opt/ros/humble /usr/bin/cmake /home/sweun/ros2_ws/src/lidar_dev -DCMAKE_BUILD_TYPE=Release -DAMENT_CMAKE_SYMLINK_INSTALL=1 -DCMAKE_INSTALL_PREFIX=/home/sweun/ros2_ws/src/lidar_dev/install/lidar_dev
[1.464s] DEBUG:colcon.colcon_core.event_handler.log_command:Invoked command in '/home/sweun/ros2_ws/src/lidar_dev/build/lidar_dev' returned '0': CMAKE_PREFIX_PATH=${CMAKE_PREFIX_PATH}:/opt/ros/humble /usr/bin/cmake /home/sweun/ros2_ws/src/lidar_dev -DCMAKE_BUILD_TYPE=Release -DAMENT_CMAKE_SYMLINK_INSTALL=1 -DCMAKE_INSTALL_PREFIX=/home/sweun/ros2_ws/src/lidar_dev/install/lidar_dev
[1.465s] DEBUG:colcon.colcon_core.event_handler.log_command:Invoking command in '/home/sweun/ros2_ws/src/lidar_dev/build/lidar_dev': CMAKE_PREFIX_PATH=${CMAKE_PREFIX_PATH}:/opt/ros/humble /usr/bin/cmake --build /home/sweun/ros2_ws/src/lidar_dev/build/lidar_dev -- -j20 -l20
[3.593s] DEBUG:colcon.colcon_parallel_executor.executor.parallel:run_until_complete was interrupted
[3.593s] DEBUG:colcon.colcon_parallel_executor.executor.parallel:run_until_complete again
[3.616s] DEBUG:colcon.colcon_core.event_handler.log_command:Invoked command in '/home/sweun/ros2_ws/src/lidar_dev/build/lidar_dev' returned '-2': CMAKE_PREFIX_PATH=${CMAKE_PREFIX_PATH}:/opt/ros/humble /usr/bin/cmake --build /home/sweun/ros2_ws/src/lidar_dev/build/lidar_dev -- -j20 -l20
[3.635s] Level 1:colcon.colcon_core.environment:create_environment_scripts_only(lidar_dev)
[3.637s] Level 1:colcon.colcon_core.environment:checking '/home/sweun/ros2_ws/src/lidar_dev/install/lidar_dev' for CMake module files
[3.638s] Level 1:colcon.colcon_core.environment:checking '/home/sweun/ros2_ws/src/lidar_dev/install/lidar_dev' for CMake config files
[3.638s] Level 1:colcon.colcon_core.environment:checking '/home/sweun/ros2_ws/src/lidar_dev/install/lidar_dev/bin'
[3.638s] Level 1:colcon.colcon_core.environment:checking '/home/sweun/ros2_ws/src/lidar_dev/install/lidar_dev/lib/pkgconfig/lidar_dev.pc'
[3.638s] Level 1:colcon.colcon_core.environment:checking '/home/sweun/ros2_ws/src/lidar_dev/install/lidar_dev/lib/python3.10/site-packages'
[3.638s] Level 1:colcon.colcon_core.environment:checking '/home/sweun/ros2_ws/src/lidar_dev/install/lidar_dev/bin'
[3.638s] INFO:colcon.colcon_core.shell:Creating package script '/home/sweun/ros2_ws/src/lidar_dev/install/lidar_dev/share/lidar_dev/package.ps1'
[3.639s] INFO:colcon.colcon_core.shell:Creating package descriptor '/home/sweun/ros2_ws/src/lidar_dev/install/lidar_dev/share/lidar_dev/package.dsv'
[3.639s] INFO:colcon.colcon_core.shell:Creating package script '/home/sweun/ros2_ws/src/lidar_dev/install/lidar_dev/share/lidar_dev/package.sh'
[3.640s] INFO:colcon.colcon_core.shell:Creating package script '/home/sweun/ros2_ws/src/lidar_dev/install/lidar_dev/share/lidar_dev/package.bash'
[3.641s] INFO:colcon.colcon_core.shell:Creating package script '/home/sweun/ros2_ws/src/lidar_dev/install/lidar_dev/share/lidar_dev/package.zsh'
[3.641s] Level 1:colcon.colcon_core.environment:create_file_with_runtime_dependencies(/home/sweun/ros2_ws/src/lidar_dev/install/lidar_dev/share/colcon-core/packages/lidar_dev)
[3.652s] DEBUG:colcon.colcon_parallel_executor.executor.parallel:run_until_complete finished
[3.652s] DEBUG:colcon.colcon_parallel_executor.executor.parallel:closing loop
[3.652s] DEBUG:colcon.colcon_parallel_executor.executor.parallel:loop closed
[3.652s] DEBUG:colcon.colcon_core.event_reactor:joining thread
[3.658s] INFO:colcon.colcon_core.plugin_system:Skipping extension 'colcon_notification.desktop_notification.terminal_notifier': Not used on non-Darwin systems
[3.658s] INFO:colcon.colcon_core.plugin_system:Skipping extension 'colcon_notification.desktop_notification.win32': Not used on non-Windows systems
[3.658s] INFO:colcon.colcon_notification.desktop_notification:Sending desktop notification using 'notify2'
[3.674s] DEBUG:colcon.colcon_core.event_reactor:joined thread
[3.675s] INFO:colcon.colcon_core.shell:Creating prefix script '/home/sweun/ros2_ws/src/lidar_dev/install/local_setup.ps1'
[3.676s] INFO:colcon.colcon_core.shell:Creating prefix util module '/home/sweun/ros2_ws/src/lidar_dev/install/_local_setup_util_ps1.py'
[3.677s] INFO:colcon.colcon_core.shell:Creating prefix chain script '/home/sweun/ros2_ws/src/lidar_dev/install/setup.ps1'
[3.678s] INFO:colcon.colcon_core.shell:Creating prefix script '/home/sweun/ros2_ws/src/lidar_dev/install/local_setup.sh'
[3.678s] INFO:colcon.colcon_core.shell:Creating prefix util module '/home/sweun/ros2_ws/src/lidar_dev/install/_local_setup_util_sh.py'
[3.678s] INFO:colcon.colcon_core.shell:Creating prefix chain script '/home/sweun/ros2_ws/src/lidar_dev/install/setup.sh'
[3.679s] INFO:colcon.colcon_core.shell:Creating prefix script '/home/sweun/ros2_ws/src/lidar_dev/install/local_setup.bash'
[3.679s] INFO:colcon.colcon_core.shell:Creating prefix chain script '/home/sweun/ros2_ws/src/lidar_dev/install/setup.bash'
[3.681s] INFO:colcon.colcon_core.shell:Creating prefix script '/home/sweun/ros2_ws/src/lidar_dev/install/local_setup.zsh'
[3.682s] INFO:colcon.colcon_core.shell:Creating prefix chain script '/home/sweun/ros2_ws/src/lidar_dev/install/setup.zsh'
